<?xml version="1.0" encoding="utf-8"?><testsuites name="pytest tests"><testsuite name="pytest" errors="0" failures="0" skipped="0" tests="27" time="8.753" timestamp="2026-04-13T13:12:09.173419+00:00" hostname="agent-env-dd67f803-669c-4aed-ae97-7295d15cbd8c"><testcase classname="tests.test_zeuer_api.TestHealthAndProducts" name="test_api_health" time="0.309" /><testcase classname="tests.test_zeuer_api.TestHealthAndProducts" name="test_get_products" time="0.123" /><testcase classname="tests.test_zeuer_api.TestHealthAndProducts" name="test_get_products_by_category" time="0.106" /><testcase classname="tests.test_zeuer_api.TestHealthAndProducts" name="test_get_products_by_size" time="0.158" /><testcase classname="tests.test_zeuer_api.TestHealthAndProducts" name="test_get_single_product" time="0.152" /><testcase classname="tests.test_zeuer_api.TestHealthAndProducts" name="test_product_not_found" time="0.151" /><testcase classname="tests.test_zeuer_api.TestAuth" name="test_login_admin" time="0.347" /><testcase classname="tests.test_zeuer_api.TestAuth" name="test_login_invalid_credentials" time="0.337" /><testcase classname="tests.test_zeuer_api.TestAuth" name="test_register_new_user" time="0.361" /><testcase classname="tests.test_zeuer_api.TestAuth" name="test_get_me_authenticated" time="0.395" /><testcase classname="tests.test_zeuer_api.TestAuth" name="test_get_me_unauthenticated" time="0.121" /><testcase classname="tests.test_zeuer_api.TestAuth" name="test_logout" time="0.424" /><testcase classname="tests.test_zeuer_api.TestCart" name="test_get_cart_empty" time="0.403" /><testcase classname="tests.test_zeuer_api.TestCart" name="test_add_to_cart" time="0.382" /><testcase classname="tests.test_zeuer_api.TestCart" name="test_add_to_cart_invalid_size" time="0.435" /><testcase classname="tests.test_zeuer_api.TestCart" name="test_update_cart_quantity" time="0.440" /><testcase classname="tests.test_zeuer_api.TestCart" name="test_remove_from_cart" time="0.442" /><testcase classname="tests.test_zeuer_api.TestAdminEndpoints" name="test_admin_dashboard" time="0.445" /><testcase classname="tests.test_zeuer_api.TestAdminEndpoints" name="test_admin_products" time="0.405" /><testcase classname="tests.test_zeuer_api.TestAdminEndpoints" name="test_admin_orders" time="0.391" /><testcase classname="tests.test_zeuer_api.TestAdminEndpoints" name="test_admin_users" time="0.385" /><testcase classname="tests.test_zeuer_api.TestAdminEndpoints" name="test_admin_analytics" time="0.381" /><testcase classname="tests.test_zeuer_api.TestAdminEndpoints" name="test_admin_analytics_trends" time="0.377" /><testcase classname="tests.test_zeuer_api.TestAdminEndpoints" name="test_admin_requires_auth" time="0.115" /><testcase classname="tests.test_zeuer_api.TestAdminEndpoints" name="test_admin_requires_admin_role" time="0.423" /><testcase classname="tests.test_zeuer_api.TestNewsletter" name="test_subscribe_newsletter" time="0.110" /><testcase classname="tests.test_zeuer_api.TestProductImages" name="test_product_images_exist" time="0.443" /></testsuite></testsuites>